<?xml version="1.0" encoding="UTF-8"?>
<!-- Generated by org.testng.reporters.JUnitXMLReporter -->
<testsuite ignored="0" hostname="GIND04LX6R5G5Q2" failures="0" tests="4" name="Test" time="57.271" errors="0" timestamp="2021-11-05T17:43:42 IST">
  <testcase classname="framework.HomePage" name="HomePageNavigation" time="16.642"/>
  <testcase classname="framework.HomePage" name="HomePageNavigation" time="18.64"/>
  <testcase classname="framework.LandingPageTest" name="navigationbarVerification" time="10.733"/>
  <testcase classname="framework.LandingPageTest" name="titleVerification" time="11.099"/>
</testsuite> <!-- Test -->
