<?xml version="1.0" encoding="UTF-8"?>
<!-- Generated by org.testng.reporters.JUnitXMLReporter -->
<testsuite ignored="0" hostname="GIND04LX6R5G5Q2" failures="0" tests="4" name="Test" time="62.565" errors="0" timestamp="2021-11-05T22:55:41 IST">
  <testcase classname="framework.HomePage" name="HomePageNavigation" time="31.937"/>
  <testcase classname="framework.HomePage" name="HomePageNavigation" time="15.846"/>
  <testcase classname="framework.LandingPageTest" name="navigationbarVerification" time="0.058"/>
  <testcase classname="framework.LandingPageTest" name="titleVerification" time="0.053"/>
</testsuite> <!-- Test -->
