<?xml version="1.0" encoding="UTF-8"?>
<testsuite xmlns:xsi="http://www.w3.org/2001/XMLSchema-instance" xsi:noNamespaceSchemaLocation="https://maven.apache.org/surefire/maven-surefire-plugin/xsd/surefire-test-report.xsd" name="TestSuite" time="34.596" tests="5" errors="0" skipped="0" failures="1">
  <properties>
[...]
</properties>
  <testcase name="FailedTestcaseVerification" classname="framework.LandingPageTest" time="0.081">
    <failure message="expected [false] but found [true]" type="java.lang.AssertionError">java.lang.AssertionError: expected [false] but found [true]
	at framework.LandingPageTest.FailedTestcaseVerification(LandingPageTest.java:49)
</failure>
    <system-err><![CDATA[Starting ChromeDriver 2.41.578737 (49da6702b16031c40d63e5618de03a32ff6c197e) on port 33071
Only local connections are allowed.
Starting ChromeDriver 2.41.578737 (49da6702b16031c40d63e5618de03a32ff6c197e) on port 26860
Only local connections are allowed.
Nov 06, 2021 11:31:56 PM org.openqa.selenium.remote.ProtocolHandshake createSession
INFO: Detected dialect: OSS
Nov 06, 2021 11:31:57 PM org.openqa.selenium.remote.ProtocolHandshake createSession
INFO: Detected dialect: OSS
]]></system-err>
  </testcase>
  <testcase name="navigationbarVerification" classname="framework.LandingPageTest" time="0.05"/>
  <testcase name="titleVerification" classname="framework.LandingPageTest" time="0.051"/>
  <testcase name="HomePageNavigation" classname="framework.HomePage" time="13.369"/>
  <testcase name="HomePageNavigation" classname="framework.HomePage" time="4.509"/>
</testsuite>