-------------------------------------------------------------------------------
Test set: TestSuite
-------------------------------------------------------------------------------
Tests run: 5, Failures: 1, Errors: 0, Skipped: 0, Time elapsed: 34.596 s <<< FAILURE! - in TestSuite
FailedTestcaseVerification(framework.LandingPageTest)  Time elapsed: 0.081 s  <<< FAILURE!
java.lang.AssertionError: expected [false] but found [true]
	at framework.LandingPageTest.FailedTestcaseVerification(LandingPageTest.java:49)

